2014/02/14 10:35:43 INFO  - jmeter.util.JMeterUtils: Setting Locale to en_GB 
2014/02/14 10:35:43 INFO  - jmeter.JMeter: Loading user properties from: /home/jhf/bin/apache-jmeter-2.11/bin/user.properties 
2014/02/14 10:35:43 INFO  - jmeter.JMeter: Loading system properties from: /home/jhf/bin/apache-jmeter-2.11/bin/system.properties 
2014/02/14 10:35:43 INFO  - jmeter.JMeter: Copyright (c) 1998-2014 The Apache Software Foundation 
2014/02/14 10:35:43 INFO  - jmeter.JMeter: Version 2.11 r1554548 
2014/02/14 10:35:43 INFO  - jmeter.JMeter: java.version=1.6.0_27 
2014/02/14 10:35:43 INFO  - jmeter.JMeter: java.vm.name=OpenJDK 64-Bit Server VM 
2014/02/14 10:35:43 INFO  - jmeter.JMeter: os.name=Linux 
2014/02/14 10:35:43 INFO  - jmeter.JMeter: os.arch=amd64 
2014/02/14 10:35:43 INFO  - jmeter.JMeter: os.version=3.8.0-35-generic 
2014/02/14 10:35:43 INFO  - jmeter.JMeter: file.encoding=UTF-8 
2014/02/14 10:35:43 INFO  - jmeter.JMeter: Default Locale=English (United Kingdom) 
2014/02/14 10:35:43 INFO  - jmeter.JMeter: JMeter  Locale=English (United Kingdom) 
2014/02/14 10:35:43 INFO  - jmeter.JMeter: JMeterHome=/home/jhf/bin/apache-jmeter-2.11 
2014/02/14 10:35:43 INFO  - jmeter.JMeter: user.dir  =/home/jhf/dev/MamaTest/CaptivePortalJMeterTesting 
2014/02/14 10:35:43 INFO  - jmeter.JMeter: PWD       =/home/jhf/dev/MamaTest/CaptivePortalJMeterTesting 
2014/02/14 10:35:43 INFO  - jmeter.JMeter: IP: 127.0.1.1 Name: jhfdev FullName: jhfdev 
2014/02/14 10:35:43 INFO  - jmeter.JMeter: Loaded icon properties from org/apache/jmeter/images/icon.properties 
2014/02/14 10:35:45 INFO  - jmeter.engine.util.CompoundVariable: Note: Function class names must contain the string: '.functions.' 
2014/02/14 10:35:45 INFO  - jmeter.engine.util.CompoundVariable: Note: Function class names must not contain the string: '.gui.' 
2014/02/14 10:35:45 INFO  - jmeter.gui.action.LookAndFeelCommand: Using look and feel: javax.swing.plaf.metal.MetalLookAndFeel [Metal, CrossPlatform] 
2014/02/14 10:35:47 INFO  - jmeter.util.BSFTestElement: Registering JMeter version of JavaScript engine as work-round for BSF-22 
2014/02/14 10:35:48 INFO  - jmeter.protocol.http.sampler.HTTPSamplerBase: Cannot find .className property for htmlParser, using default 
2014/02/14 10:35:48 INFO  - jmeter.protocol.http.sampler.HTTPSamplerBase: Parser for text/html is  
2014/02/14 10:35:48 INFO  - jmeter.protocol.http.sampler.HTTPSamplerBase: Parser for application/xhtml+xml is  
2014/02/14 10:35:48 INFO  - jmeter.protocol.http.sampler.HTTPSamplerBase: Parser for application/xml is  
2014/02/14 10:35:48 INFO  - jmeter.protocol.http.sampler.HTTPSamplerBase: Parser for text/xml is  
2014/02/14 10:35:48 INFO  - jmeter.protocol.http.sampler.HTTPSamplerBase: Parser for text/vnd.wap.wml is org.apache.jmeter.protocol.http.parser.RegexpHTMLParser 
2014/02/14 10:35:48 INFO  - jmeter.gui.util.MenuFactory: Skipping org.apache.jmeter.protocol.http.control.gui.WebServiceSamplerGui 
2014/02/14 10:35:48 INFO  - jmeter.gui.util.MenuFactory: Skipping org.apache.jmeter.protocol.http.modifier.gui.ParamModifierGui 
2014/02/14 10:35:48 INFO  - jorphan.exec.KeyToolUtils: keytool found at 'keytool' 
2014/02/14 10:35:48 WARN  - jmeter.protocol.http.proxy.ProxyControl: HTTP(S) Test Script Recorder SSL Proxy will use keys that may not work for embedded resources in file /home/jhf/bin/apache-jmeter-2.11/bin/proxyserver.jks 
2014/02/14 10:35:48 INFO  - jmeter.samplers.SampleResult: Note: Sample TimeStamps are START times 
2014/02/14 10:35:48 INFO  - jmeter.samplers.SampleResult: sampleresult.default.encoding is set to ISO-8859-1 
2014/02/14 10:35:48 INFO  - jmeter.samplers.SampleResult: sampleresult.useNanoTime=true 
2014/02/14 10:35:48 INFO  - jmeter.samplers.SampleResult: sampleresult.nanoThreadSleep=5000 
2014/02/14 10:35:51 INFO  - jmeter.services.FileServer: Default base='/home/jhf/dev/MamaTest/CaptivePortalJMeterTesting' 
2014/02/14 10:35:51 INFO  - jmeter.gui.action.Load: Loading file: /home/jhf/dev/MamaTest/CaptivePortalJMeterTesting/./test.jmx 
2014/02/14 10:35:51 INFO  - jmeter.services.FileServer: Set new base='/home/jhf/dev/MamaTest/CaptivePortalJMeterTesting/.' 
2014/02/14 10:35:52 INFO  - jmeter.save.SaveService: Testplan (JMX) version: 2.2. Testlog (JTL) version: 2.2 
2014/02/14 10:35:52 INFO  - jmeter.save.SaveService: Using SaveService properties file encoding UTF-8 
2014/02/14 10:35:52 INFO  - jmeter.save.SaveService: Using SaveService properties version 2.6 
2014/02/14 10:35:52 INFO  - jmeter.save.SaveService: Using SaveService properties file version 1554411 
2014/02/14 10:35:52 INFO  - jmeter.save.SaveService: All converter versions present and correct 
2014/02/14 10:35:52 INFO  - jmeter.protocol.http.control.CookieManager: Settings: Delete null: true Check: true Allow variable: true Save: false Prefix: COOKIE_ 
2014/02/14 10:35:52 INFO  - jmeter.services.FileServer: Set new base='/home/jhf/dev/MamaTest/CaptivePortalJMeterTesting/.' 
